{"C:\\Users\\a.burtseva\\Desktop\\Учеба\\JS_1\\Matchers\\src\\index.js": {"path":"C:\\Users\\a.burtseva\\Desktop\\Учеба\\JS_1\\Matchers\\src\\index.js","statementMap":{"0":{"start":{"line":2,"column":2},"end":{"line":2,"column":52}},"1":{"start":{"line":2,"column":31},"end":{"line":2,"column":50}}},"fnMap":{"0":{"name":"sortHeroesByHealth","decl":{"start":{"line":1,"column":24},"end":{"line":1,"column":42}},"loc":{"start":{"line":1,"column":51},"end":{"line":3,"column":1}},"line":1},"1":{"name":"(anonymous_1)","decl":{"start":{"line":2,"column":21},"end":{"line":2,"column":22}},"loc":{"start":{"line":2,"column":31},"end":{"line":2,"column":50}},"line":2}},"branchMap":{},"s":{"0":4,"1":5},"f":{"0":4,"1":5},"b":{},"_coverageSchema":"1a1c01bbd47fc00a2c39e90264f33305004495a9","hash":"a034a88dd572363210015e68be0d115ab4224885"}
}
